-------------------------------------------------------------------------------
Test set: com.sg.guessthenumber.dao.GameDatabaseDaoTest
-------------------------------------------------------------------------------
Tests run: 1, Failures: 0, Errors: 1, Skipped: 0, Time elapsed: 1.175 s <<< FAILURE! - in com.sg.guessthenumber.dao.GameDatabaseDaoTest
testGetAddGame  Time elapsed: 0.006 s  <<< ERROR!
java.lang.IllegalStateException: Failed to load ApplicationContext
Caused by: org.springframework.beans.factory.UnsatisfiedDependencyException: Error creating bean with name 'guessTheNumberController' defined in file [F:\online-java-2021-dr304113\Summatives\M7\GuessTheNumber\target\classes\com\sg\guessthenumber\Controller\GuessTheNumberController.class]: Unsatisfied dependency expressed through constructor parameter 0; nested exception is org.springframework.beans.factory.UnsatisfiedDependencyException: Error creating bean with name 'guessTheNumberServiceImpl' defined in file [F:\online-java-2021-dr304113\Summatives\M7\GuessTheNumber\target\classes\com\sg\guessthenumber\service\GuessTheNumberServiceImpl.class]: Unsatisfied dependency expressed through constructor parameter 0; nested exception is org.springframework.beans.factory.NoSuchBeanDefinitionException: No qualifying bean of type 'com.sg.guessthenumber.dao.GameDao' available: expected at least 1 bean which qualifies as autowire candidate. Dependency annotations: {}
Caused by: org.springframework.beans.factory.UnsatisfiedDependencyException: Error creating bean with name 'guessTheNumberServiceImpl' defined in file [F:\online-java-2021-dr304113\Summatives\M7\GuessTheNumber\target\classes\com\sg\guessthenumber\service\GuessTheNumberServiceImpl.class]: Unsatisfied dependency expressed through constructor parameter 0; nested exception is org.springframework.beans.factory.NoSuchBeanDefinitionException: No qualifying bean of type 'com.sg.guessthenumber.dao.GameDao' available: expected at least 1 bean which qualifies as autowire candidate. Dependency annotations: {}
Caused by: org.springframework.beans.factory.NoSuchBeanDefinitionException: No qualifying bean of type 'com.sg.guessthenumber.dao.GameDao' available: expected at least 1 bean which qualifies as autowire candidate. Dependency annotations: {}

