-------------------------------------------------------------------------------
Test set: com.sg.flooringmastery.dao.OrderDaoFileImplTest
-------------------------------------------------------------------------------
Tests run: 4, Failures: 1, Errors: 0, Skipped: 0, Time elapsed: 0.841 sec <<< FAILURE! - in com.sg.flooringmastery.dao.OrderDaoFileImplTest
testGetAllAndgetAllByDateAndExport  Time elapsed: 0.091 sec  <<< FAILURE!
org.opentest4j.AssertionFailedError: List of orders should have 3 orders. ==> expected: <3> but was: <5>
	at com.sg.flooringmastery.dao.OrderDaoFileImplTest.testGetAllAndgetAllByDateAndExport(OrderDaoFileImplTest.java:198)

